<?xml version='1.0' encoding='UTF-8'?>
<project>
    <description>temp job for testing purposes</description>
    <keepDependencies>false</keepDependencies>
    <properties>
    <com.chikli.hudson.plugin.naginator.NaginatorOptOutProperty plugin="naginator@1.17.2">
        <optOut>false</optOut>
    </com.chikli.hudson.plugin.naginator.NaginatorOptOutProperty>
    <com.sonyericsson.rebuild.RebuildSettings plugin="rebuild@1.27">
        <autoRebuild>false</autoRebuild>
        <rebuildDisabled>false</rebuildDisabled>
    </com.sonyericsson.rebuild.RebuildSettings>
    <com.synopsys.arc.jenkinsci.plugins.jobrestrictions.jobs.JobRestrictionProperty plugin="job-restrictions@0.6"/>
    <hudson.plugins.throttleconcurrents.ThrottleJobProperty plugin="throttle-concurrents@2.0.1">
        <categories class="java.util.concurrent.CopyOnWriteArrayList"/>
        <throttleEnabled>false</throttleEnabled>
        <throttleOption>project</throttleOption>
        <limitOneJobWithMatchingParams>false</limitOneJobWithMatchingParams>
        <paramsToUseForLimit></paramsToUseForLimit>
    </hudson.plugins.throttleconcurrents.ThrottleJobProperty>
    </properties>
    <scm class="hudson.scm.NullSCM"/>
    <canRoam>false</canRoam>
    <disabled>false</disabled>
    <blockBuildWhenDownstreamBuilding>false</blockBuildWhenDownstreamBuilding>
    <blockBuildWhenUpstreamBuilding>false</blockBuildWhenUpstreamBuilding>
    <triggers/>
    <concurrentBuild>false</concurrentBuild>
    <builders>
    <hudson.tasks.Shell>
        <command>env</command>
    </hudson.tasks.Shell>
    </builders>
    <publishers/>
    <buildWrappers/>
    <assignedNode>build</assignedNode>
</project>
